<?xml version="1.0" encoding="UTF-8"?>
<!-- Generated by org.testng.reporters.JUnitXMLReporter -->
<testsuite ignored="0" hostname="DESKTOP-SGDSSG9" failures="0" tests="5" name="Test1" time="0.026" errors="0" timestamp="2021-09-10T07:43:59 IST">
  <testcase classname="SeleniumAuto.ToyotaCar" name="catlog" time="0.001"/>
  <testcase classname="SeleniumAuto.ToyotaCar" name="servise" time="0.002"/>
  <testcase classname="SeleniumAuto.ToyotaCar" name="welcome" time="0.001"/>
  <testcase classname="SeleniumAuto.AudiCar" name="catlog" time="0.002"/>
  <testcase classname="SeleniumAuto.AudiCar" name="servise" time="0.001"/>
</testsuite> <!-- Test1 -->
